<?xml version="1.0" encoding="UTF-8"?>
<!-- Generated by org.testng.reporters.JUnitReportReporter -->
<testsuite skipped="0" hostname="bogon" name="cn.nvwa.finance.testcase.GmuPaymentTest" tests="3" failures="0" timestamp="2021-05-18T15:48:07 CST" time="329.099" errors="0">
  <testcase name="testcase_02_alipaySvip" time="107.882" classname="cn.nvwa.finance.testcase.GmuPaymentTest"/>
  <testcase name="testcase_01_weixinVip" time="125.345" classname="cn.nvwa.finance.testcase.GmuPaymentTest"/>
  <testcase name="testcase_03_virtualCurrencyAlipay" time="95.872" classname="cn.nvwa.finance.testcase.GmuPaymentTest"/>
</testsuite> <!-- cn.nvwa.finance.testcase.GmuPaymentTest -->
