<?xml version="1.0" encoding="UTF-8"?>
<!-- Generated by org.testng.reporters.JUnitReportReporter -->
<testsuite skipped="0" hostname="bogon" name="cn.nvwa.finance.testcase.ChatrightPaymentTest" tests="1" failures="0" timestamp="2021-05-18T15:48:07 CST" time="52.140" errors="0">
  <testcase name="testcase_01_chatrightPreOrderAlipay" time="52.140" classname="cn.nvwa.finance.testcase.ChatrightPaymentTest"/>
</testsuite> <!-- cn.nvwa.finance.testcase.ChatrightPaymentTest -->
